<?xml version="1.0" encoding="UTF-8"?>
<!-- Generated by org.testng.reporters.JUnitXMLReporter -->
<testsuite ignored="0" hostname="Komalas-MBP.hsd1.il.comcast.net" failures="0" tests="9" name="chrometest" time="5.328" errors="0" timestamp="2023-12-08T12:57:41 CST">
  <testcase classname="Tests.Base" name="@BeforeTest setup" time="4.78">
    <failure type="org.openqa.selenium.remote.http.ConnectionFailedException" message="Unable to establish websocket connection to http://localhost:64297/devtools/browser/ac82327e-f045-4367-b9e8-7aa1a6c70e00
Build info: version: &amp;apos;4.1.2&amp;apos;, revision: &amp;apos;9a5a329c5a&amp;apos;
System info: host: &amp;apos;Komalas-MBP.hsd1.il.comcast.net&amp;apos;, ip: &amp;apos;2601:246:8200:b2:6822:83bb:ed60:9098%en0&amp;apos;, os.name: &amp;apos;Mac OS X&amp;apos;, os.arch: &amp;apos;x86_64&amp;apos;, os.version: &amp;apos;12.3.1&amp;apos;, java.version: &amp;apos;17.0.2&amp;apos;
Driver info: driver.version: ChromeDriver">
      <![CDATA[org.openqa.selenium.remote.http.ConnectionFailedException: Unable to establish websocket connection to http://localhost:64297/devtools/browser/ac82327e-f045-4367-b9e8-7aa1a6c70e00
Build info: version: '4.1.2', revision: '9a5a329c5a'
System info: host: 'Komalas-MBP.hsd1.il.comcast.net', ip: '2601:246:8200:b2:6822:83bb:ed60:9098%en0', os.name: 'Mac OS X', os.arch: 'x86_64', os.version: '12.3.1', java.version: '17.0.2'
Driver info: driver.version: ChromeDriver
at org.openqa.selenium.remote.http.netty.NettyWebSocket.<init>(NettyWebSocket.java:104)
at org.openqa.selenium.remote.http.netty.NettyWebSocket.lambda$create$3(NettyWebSocket.java:137)
at org.openqa.selenium.remote.http.netty.NettyClient.openSocket(NettyClient.java:118)
at org.openqa.selenium.devtools.Connection.<init>(Connection.java:77)
at org.openqa.selenium.chromium.ChromiumDriver.lambda$new$2(ChromiumDriver.java:124)
at java.base/java.util.Optional.map(Optional.java:260)
at org.openqa.selenium.chromium.ChromiumDriver.<init>(ChromiumDriver.java:122)
at org.openqa.selenium.chrome.ChromeDriver.<init>(ChromeDriver.java:106)
at org.openqa.selenium.chrome.ChromeDriver.<init>(ChromeDriver.java:93)
at org.openqa.selenium.chrome.ChromeDriver.<init>(ChromeDriver.java:48)
at Tests.Base.setup(Base.java:51)
... Removed 24 stack frames]]>
    </failure>
  </testcase> <!-- @BeforeTest setup -->
  <testcase classname="Tests.Base" name="@AfterTest close" time="-1.702061861149E9">
    <skipped/>
  </testcase> <!-- @AfterTest close -->
  <testcase classname="Tests.Base" name="invalid" time="0.0">
    <skipped/>
  </testcase> <!-- invalid -->
  <testcase classname="Tests.Base" name="register" time="0.0">
    <skipped/>
  </testcase> <!-- register -->
  <testcase classname="Tests.Base" name="datastructure" time="0.0">
    <skipped/>
  </testcase> <!-- datastructure -->
  <testcase classname="Tests.Base" name="array" time="0.0">
    <skipped/>
  </testcase> <!-- array -->
  <testcase classname="Tests.Base" name="Graph" time="0.0">
    <skipped/>
  </testcase> <!-- Graph -->
  <testcase classname="Tests.Base" name="Stack" time="0.0">
    <skipped/>
  </testcase> <!-- Stack -->
  <testcase classname="Tests.Base" name="Queue" time="0.0">
    <skipped/>
  </testcase> <!-- Queue -->
  <testcase classname="Tests.Base" name="LinkedList" time="0.0">
    <skipped/>
  </testcase> <!-- LinkedList -->
  <testcase classname="Tests.Base" name="Tree" time="0.0">
    <skipped/>
  </testcase> <!-- Tree -->
</testsuite> <!-- chrometest -->
